# JRE version: OpenJDK Runtime Environment (8.0_212-b04) (build 1.8.0_212-release-1586-b04)
# Java VM: OpenJDK 64-Bit Server VM (25.212-b04 mixed mode windows-amd64 compressed oops)
Heap:
 PSYoungGen      total 283648K, used 56995K [0x00000000e0000000, 0x00000000f3200000, 0x0000000100000000)
  eden space 261120K, 13% used [0x00000000e0000000,0x00000000e21abc80,0x00000000eff00000)
  from space 22528K, 99% used [0x00000000f1a00000,0x00000000f2ffd260,0x00000000f3000000)
  to   space 26112K, 0% used [0x00000000eff00000,0x00000000eff00000,0x00000000f1880000)
 ParOldGen       total 125440K, used 40997K [0x00000000a0000000, 0x00000000a7a80000, 0x00000000e0000000)
  object space 125440K, 32% used [0x00000000a0000000,0x00000000a2809658,0x00000000a7a80000)
 Metaspace       used 64870K, capacity 68122K, committed 68224K, reserved 1107968K
  class space    used 8777K, capacity 9534K, committed 9600K, reserved 1048576K
GC Heap History (10 events):
Event: 11.106 GC heap before
{Heap before GC invocations=9 (full 2):
 PSYoungGen      total 141312K, used 11743K [0x00000000e0000000, 0x00000000ee400000, 0x0000000100000000)
  eden space 128512K, 0% used [0x00000000e0000000,0x00000000e0000000,0x00000000e7d80000)
  from space 12800K, 91% used [0x00000000e7d80000,0x00000000e88f7c58,0x00000000e8a00000)
  to   space 14336K, 0% used [0x00000000ed600000,0x00000000ed600000,0x00000000ee400000)
 ParOldGen       total 60928K, used 12726K [0x00000000a0000000, 0x00000000a3b80000, 0x00000000e0000000)
  object space 60928K, 20% used [0x00000000a0000000,0x00000000a0c6dba8,0x00000000a3b80000)
 Metaspace       used 34615K, capacity 35364K, committed 35496K, reserved 1079296K
  class space    used 4585K, capacity 4811K, committed 4864K, reserved 1048576K
Event: 11.256 GC heap after
Heap after GC invocations=9 (full 2):
 PSYoungGen      total 141312K, used 0K [0x00000000e0000000, 0x00000000ee400000, 0x0000000100000000)
  eden space 128512K, 0% used [0x00000000e0000000,0x00000000e0000000,0x00000000e7d80000)
  from space 12800K, 0% used [0x00000000e7d80000,0x00000000e7d80000,0x00000000e8a00000)
  to   space 14336K, 0% used [0x00000000ed600000,0x00000000ed600000,0x00000000ee400000)
 ParOldGen       total 82944K, used 19209K [0x00000000a0000000, 0x00000000a5100000, 0x00000000e0000000)
  object space 82944K, 23% used [0x00000000a0000000,0x00000000a12c2448,0x00000000a5100000)
 Metaspace       used 34615K, capacity 35364K, committed 35496K, reserved 1079296K
  class space    used 4585K, capacity 4811K, committed 4864K, reserved 1048576K
}
Event: 14.634 GC heap before
{Heap before GC invocations=10 (full 2):
 PSYoungGen      total 141312K, used 128512K [0x00000000e0000000, 0x00000000ee400000, 0x0000000100000000)
  eden space 128512K, 100% used [0x00000000e0000000,0x00000000e7d80000,0x00000000e7d80000)
  from space 12800K, 0% used [0x00000000e7d80000,0x00000000e7d80000,0x00000000e8a00000)
  to   space 14336K, 0% used [0x00000000ed600000,0x00000000ed600000,0x00000000ee400000)
 ParOldGen       total 82944K, used 19209K [0x00000000a0000000, 0x00000000a5100000, 0x00000000e0000000)
  object space 82944K, 23% used [0x00000000a0000000,0x00000000a12c2448,0x00000000a5100000)
 Metaspace       used 42947K, capacity 44176K, committed 44288K, reserved 1087488K
  class space    used 5753K, capacity 6076K, committed 6144K, reserved 1048576K
Event: 14.689 GC heap after
Heap after GC invocations=10 (full 2):
 PSYoungGen      total 216064K, used 12702K [0x00000000e0000000, 0x00000000ee400000, 0x0000000100000000)
  eden space 201728K, 0% used [0x00000000e0000000,0x00000000e0000000,0x00000000ec500000)
  from space 14336K, 88% used [0x00000000ed600000,0x00000000ee267b48,0x00000000ee400000)
  to   space 15872K, 0% used [0x00000000ec500000,0x00000000ec500000,0x00000000ed480000)
 ParOldGen       total 82944K, used 19217K [0x00000000a0000000, 0x00000000a5100000, 0x00000000e0000000)
  object space 82944K, 23% used [0x00000000a0000000,0x00000000a12c4448,0x00000000a5100000)
 Metaspace       used 42947K, capacity 44176K, committed 44288K, reserved 1087488K
  class space    used 5753K, capacity 6076K, committed 6144K, reserved 1048576K
}
Event: 18.708 GC heap before
{Heap before GC invocations=11 (full 2):
 PSYoungGen      total 216064K, used 180250K [0x00000000e0000000, 0x00000000ee400000, 0x0000000100000000)
  eden space 201728K, 83% used [0x00000000e0000000,0x00000000ea39ee48,0x00000000ec500000)
  from space 14336K, 88% used [0x00000000ed600000,0x00000000ee267b48,0x00000000ee400000)
  to   space 15872K, 0% used [0x00000000ec500000,0x00000000ec500000,0x00000000ed480000)
 ParOldGen       total 82944K, used 19217K [0x00000000a0000000, 0x00000000a5100000, 0x00000000e0000000)
  object space 82944K, 23% used [0x00000000a0000000,0x00000000a12c4448,0x00000000a5100000)
 Metaspace       used 57169K, capacity 59046K, committed 59136K, reserved 1099776K
  class space    used 7680K, capacity 8102K, committed 8192K, reserved 1048576K
Event: 18.765 GC heap after
Heap after GC invocations=11 (full 2):
 PSYoungGen      total 217600K, used 15868K [0x00000000e0000000, 0x00000000f3000000, 0x0000000100000000)
  eden space 201728K, 0% used [0x00000000e0000000,0x00000000e0000000,0x00000000ec500000)
  from space 15872K, 99% used [0x00000000ec500000,0x00000000ed47f330,0x00000000ed480000)
  to   space 22528K, 0% used [0x00000000f1a00000,0x00000000f1a00000,0x00000000f3000000)
 ParOldGen       total 82944K, used 30180K [0x00000000a0000000, 0x00000000a5100000, 0x00000000e0000000)
  object space 82944K, 36% used [0x00000000a0000000,0x00000000a1d79228,0x00000000a5100000)
 Metaspace       used 57169K, capacity 59046K, committed 59136K, reserved 1099776K
  class space    used 7680K, capacity 8102K, committed 8192K, reserved 1048576K
}
Event: 18.765 GC heap before
{Heap before GC invocations=12 (full 3):
 PSYoungGen      total 217600K, used 15868K [0x00000000e0000000, 0x00000000f3000000, 0x0000000100000000)
  eden space 201728K, 0% used [0x00000000e0000000,0x00000000e0000000,0x00000000ec500000)
  from space 15872K, 99% used [0x00000000ec500000,0x00000000ed47f330,0x00000000ed480000)
  to   space 22528K, 0% used [0x00000000f1a00000,0x00000000f1a00000,0x00000000f3000000)
 ParOldGen       total 82944K, used 30180K [0x00000000a0000000, 0x00000000a5100000, 0x00000000e0000000)
  object space 82944K, 36% used [0x00000000a0000000,0x00000000a1d79228,0x00000000a5100000)
 Metaspace       used 57169K, capacity 59046K, committed 59136K, reserved 1099776K
  class space    used 7680K, capacity 8102K, committed 8192K, reserved 1048576K
Event: 19.070 GC heap after
Heap after GC invocations=12 (full 3):
 PSYoungGen      total 217600K, used 0K [0x00000000e0000000, 0x00000000f3000000, 0x0000000100000000)
  eden space 201728K, 0% used [0x00000000e0000000,0x00000000e0000000,0x00000000ec500000)
  from space 15872K, 0% used [0x00000000ec500000,0x00000000ec500000,0x00000000ed480000)
  to   space 22528K, 0% used [0x00000000f1a00000,0x00000000f1a00000,0x00000000f3000000)
 ParOldGen       total 125440K, used 40512K [0x00000000a0000000, 0x00000000a7a80000, 0x00000000e0000000)
  object space 125440K, 32% used [0x00000000a0000000,0x00000000a2790188,0x00000000a7a80000)
 Metaspace       used 57160K, capacity 59022K, committed 59136K, reserved 1099776K
  class space    used 7677K, capacity 8097K, committed 8192K, reserved 1048576K
}
Event: 23.593 GC heap before
{Heap before GC invocations=13 (full 3):
 PSYoungGen      total 217600K, used 201728K [0x00000000e0000000, 0x00000000f3000000, 0x0000000100000000)
  eden space 201728K, 100% used [0x00000000e0000000,0x00000000ec500000,0x00000000ec500000)
  from space 15872K, 0% used [0x00000000ec500000,0x00000000ec500000,0x00000000ed480000)
  to   space 22528K, 0% used [0x00000000f1a00000,0x00000000f1a00000,0x00000000f3000000)
 ParOldGen       total 125440K, used 40512K [0x00000000a0000000, 0x00000000a7a80000, 0x00000000e0000000)
  object space 125440K, 32% used [0x00000000a0000000,0x00000000a2790188,0x00000000a7a80000)
 Metaspace       used 63875K, capacity 67038K, committed 67328K, reserved 1107968K
  class space    used 8654K, capacity 9349K, committed 9472K, reserved 1048576K
Event: 23.740 GC heap after
Heap after GC invocations=13 (full 3):
 PSYoungGen      total 283648K, used 22516K [0x00000000e0000000, 0x00000000f3200000, 0x0000000100000000)
  eden space 261120K, 0% used [0x00000000e0000000,0x00000000e0000000,0x00000000eff00000)
  from space 22528K, 99% used [0x00000000f1a00000,0x00000000f2ffd260,0x00000000f3000000)
  to   space 26112K, 0% used [0x00000000eff00000,0x00000000eff00000,0x00000000f1880000)
 ParOldGen       total 125440K, used 40997K [0x00000000a0000000, 0x00000000a7a80000, 0x00000000e0000000)
  object space 125440K, 32% used [0x00000000a0000000,0x00000000a2809658,0x00000000a7a80000)
 Metaspace       used 63875K, capacity 67038K, committed 67328K, reserved 1107968K
  class space    used 8654K, capacity 9349K, committed 9472K, reserved 1048576K
}

